[2024-04-03T14:45:52.033Z] GET /
[2024-04-03T14:45:52.050Z] GET /login
[2024-04-03T14:45:52.134Z] GET /style.css
[2024-04-03T14:49:41.602Z] GET /login
[2024-04-03T14:49:41.629Z] GET /style.css
[2024-04-03T14:49:48.759Z] POST /login
[2024-04-03T14:49:48.824Z] GET /login
[2024-04-03T14:55:31.399Z] GET /login
[2024-04-03T14:55:31.436Z] GET /style.css
[2024-04-03T14:55:34.752Z] POST /login
[2024-04-03T14:55:34.824Z] GET /login
[2024-04-03T14:58:17.022Z] GET /login
[2024-04-03T14:58:17.057Z] GET /style.css
[2024-04-03T14:58:22.227Z] POST /login
[2024-04-03T14:58:22.294Z] GET /login
[2024-04-03T15:02:49.240Z] GET /login
[2024-04-03T15:02:49.277Z] GET /style.css
[2024-04-03T15:02:53.114Z] POST /login
[2024-04-03T15:10:38.595Z] GET /
[2024-04-03T15:10:38.623Z] GET /login
[2024-04-03T15:10:38.707Z] GET /style.css
[2024-04-03T15:10:45.124Z] POST /login
[2024-04-03T15:16:50.012Z] GET /login
[2024-04-03T15:16:51.363Z] GET /login
[2024-04-03T15:16:51.396Z] GET /style.css
[2024-04-03T15:16:58.548Z] POST /login
[2024-04-03T15:17:36.455Z] GET /login
[2024-04-03T15:17:37.767Z] GET /login
[2024-04-03T15:17:37.799Z] GET /style.css
[2024-04-03T15:17:41.572Z] POST /login
[2024-04-03T15:17:41.705Z] GET /login
[2024-04-03T15:21:09.256Z] GET /login
[2024-04-03T15:21:09.299Z] GET /style.css
[2024-04-03T15:21:13.141Z] POST /login
[2024-04-03T15:21:13.280Z] GET /login
[2024-04-03T15:21:55.568Z] GET /login
[2024-04-03T15:21:55.623Z] GET /style.css
[2024-04-03T15:22:00.509Z] POST /login
[2024-04-03T15:30:28.217Z] GET /
[2024-04-03T15:30:28.236Z] GET /login
[2024-04-03T15:30:28.325Z] GET /style.css
[2024-04-04T05:47:17.099Z] GET /
[2024-04-04T05:47:17.182Z] GET /login
[2024-04-04T05:47:17.253Z] GET /style.css
[2024-04-04T05:47:25.330Z] POST /login
[2024-04-04T05:52:19.171Z] GET /login
[2024-04-04T05:52:26.499Z] GET /
[2024-04-04T05:52:26.512Z] GET /login
[2024-04-04T05:56:05.719Z] GET /login
[2024-04-04T05:56:05.748Z] GET /style.css
[2024-04-04T05:56:26.494Z] GET /login
[2024-04-04T05:56:26.529Z] GET /style.css
[2024-04-04T05:56:32.833Z] POST /login
[2024-04-04T06:01:43.596Z] GET /login
[2024-04-04T06:01:43.636Z] GET /style.css
[2024-04-04T06:01:44.886Z] GET /login
[2024-04-04T06:01:44.934Z] GET /style.css
[2024-04-04T06:01:49.000Z] POST /login
[2024-04-04T06:01:49.160Z] GET /login
[2024-04-04T06:11:22.703Z] GET /login
[2024-04-04T06:11:22.738Z] GET /style.css
[2024-04-04T06:11:27.127Z] POST /login
[2024-04-04T06:11:27.283Z] GET /login
[2024-04-04T06:13:26.010Z] GET /login
[2024-04-04T06:13:26.045Z] GET /style.css
[2024-04-04T06:13:32.616Z] POST /login
[2024-04-04T06:13:32.760Z] GET /login
[2024-04-05T03:10:53.988Z] GET /
[2024-04-05T03:10:58.128Z] GET /
[2024-04-05T03:10:58.296Z] GET /
[2024-04-05T03:10:58.514Z] GET /
[2024-04-05T03:50:46.181Z] GET /
[2024-04-05T03:50:46.216Z] GET /login
[2024-04-05T03:50:46.298Z] GET /style.css
[2024-04-05T03:50:58.654Z] POST /login
[2024-04-05T03:51:32.440Z] POST /login
[2024-04-05T03:54:16.137Z] GET /login
[2024-04-05T03:54:16.174Z] GET /style.css
[2024-04-05T03:54:37.833Z] POST /login
[2024-04-05T03:58:01.923Z] POST /login
[2024-04-05T03:58:04.041Z] GET /login
[2024-04-05T03:58:07.605Z] POST /login
[2024-04-05T04:15:12.311Z] GET /login
[2024-04-05T04:15:16.602Z] POST /login
[2024-04-05T04:15:16.718Z] GET /login
[2024-04-05T04:16:26.954Z] POST /login
[2024-04-05T04:16:27.047Z] GET /login
[2024-04-05T04:16:51.549Z] POST /login
[2024-04-05T04:17:53.970Z] GET /login
[2024-04-05T04:17:58.506Z] POST /login
[2024-04-05T04:17:58.643Z] GET /login
[2024-04-05T04:18:59.850Z] GET /login
[2024-04-05T04:18:59.890Z] GET /style.css
[2024-04-05T04:19:03.768Z] POST /login
[2024-04-05T04:19:03.818Z] GET /login
[2024-04-05T04:20:53.299Z] POST /login
[2024-04-05T04:20:53.389Z] GET /login
[2024-04-05T04:22:08.100Z] POST /login
[2024-04-05T04:28:24.056Z] POST /login
[2024-04-05T04:28:24.197Z] GET /login
[2024-04-05T04:29:01.282Z] GET /
[2024-04-05T04:29:01.295Z] GET /login
[2024-04-05T04:29:01.338Z] GET /style.css
[2024-04-05T04:29:15.149Z] POST /login
[2024-04-05T04:29:15.187Z] GET /login
[2024-04-05T04:40:13.598Z] GET /
[2024-04-05T04:40:13.627Z] GET /login
[2024-04-05T04:40:13.679Z] GET /style.css
[2024-04-05T04:40:18.621Z] POST /login
[2024-04-05T04:40:18.736Z] GET /login
[2024-04-05T04:40:25.770Z] GET /signup
[2024-04-05T04:40:25.809Z] GET /style.css
[2024-04-05T04:40:41.008Z] POST /signup
[2024-04-05T04:41:57.281Z] POST /signup
[2024-04-05T04:41:59.282Z] GET /signup
[2024-04-05T04:42:03.538Z] POST /signup
[2024-04-05T04:42:06.700Z] GET /signup
[2024-04-05T04:42:12.243Z] POST /login
[2024-04-05T04:42:12.286Z] GET /login
[2024-04-05T04:43:01.375Z] POST /login
[2024-04-05T04:43:01.480Z] GET /login
[2024-04-05T04:44:45.232Z] GET /
[2024-04-05T04:44:45.262Z] GET /login
[2024-04-05T04:44:45.325Z] GET /style.css
[2024-04-05T04:44:50.951Z] POST /login
[2024-04-05T04:44:51.035Z] GET /login
[2024-04-05T04:48:31.309Z] GET /
[2024-04-05T04:48:31.354Z] GET /login
[2024-04-05T04:48:31.396Z] GET /style.css
[2024-04-05T04:48:38.016Z] POST /login
[2024-04-05T04:48:38.066Z] GET /dashboard
[2024-04-05T04:50:37.593Z] GET /login
[2024-04-05T04:50:39.713Z] POST /login
[2024-04-05T04:50:39.766Z] GET /dashboard
[2024-04-05T04:50:39.811Z] GET /logo.png
[2024-04-05T04:50:39.814Z] GET /style.css
[2024-04-05T04:50:40.481Z] GET /image2.jpg
[2024-04-05T04:50:40.488Z] GET /logo.png
[2024-04-05T04:59:31.927Z] GET /dashboard
[2024-04-05T04:59:31.954Z] GET /style.css
[2024-04-05T04:59:32.152Z] GET /image2.jpg
[2024-04-05T04:59:32.156Z] GET /logo.png
[2024-04-05T05:00:21.897Z] GET /dashboard
[2024-04-05T05:00:21.917Z] GET /image2.jpg
[2024-04-05T05:00:21.921Z] GET /style.css
[2024-04-05T05:00:21.934Z] GET /logo.png
[2024-04-05T05:00:21.943Z] GET /image2.jpg
[2024-04-05T05:03:51.591Z] GET /dashboard
[2024-04-05T05:03:51.610Z] GET /style.css
[2024-04-05T05:03:51.731Z] GET /image2.jpg
[2024-04-05T05:03:51.733Z] GET /logo.png
[2024-04-05T05:16:13.147Z] GET /dashboard
[2024-04-05T05:16:13.258Z] GET /style.css
[2024-04-05T05:16:13.632Z] GET /image2.jpg
[2024-04-05T05:16:13.639Z] GET /logo.png
[2024-04-05T05:16:13.672Z] GET /favicon.ico
[2024-04-05T05:26:50.828Z] GET /dashboard
[2024-04-05T05:26:50.927Z] GET /plants.jpg
[2024-04-05T05:26:50.935Z] GET /style.css
[2024-04-05T05:26:51.282Z] GET /plants.jpg
[2024-04-05T05:26:51.287Z] GET /logo.png
[2024-04-05T05:26:51.311Z] GET /favicon.ico
[2024-04-05T05:31:56.206Z] GET /dashboard
[2024-04-05T05:31:56.297Z] GET /style.css
[2024-04-05T05:31:56.656Z] GET /plants.jpg
[2024-04-05T05:31:56.676Z] GET /logo.png
[2024-04-05T05:32:35.264Z] GET /dashboard
[2024-04-05T05:32:35.360Z] GET /product1.jpg
[2024-04-05T05:32:35.367Z] GET /product2.jpg
[2024-04-05T05:32:35.383Z] GET /style.css
[2024-04-05T05:32:35.403Z] GET /collection2.jpg
[2024-04-05T05:32:35.412Z] GET /collection1.jpg
[2024-04-05T05:32:35.420Z] GET /plants.jpg
[2024-04-05T05:32:35.437Z] GET /product1.jpg
[2024-04-05T05:32:35.445Z] GET /logo.png
[2024-04-05T05:33:29.246Z] GET /dashboard
[2024-04-05T05:33:29.343Z] GET /plants.jpg
[2024-04-05T05:33:29.355Z] GET /product1.jpg
[2024-04-05T05:33:29.361Z] GET /collection1.jpg
[2024-04-05T05:33:29.372Z] GET /style.css
[2024-04-05T05:33:29.406Z] GET /collection2.jpg
[2024-04-05T05:33:29.410Z] GET /product2.jpg
[2024-04-05T05:33:29.447Z] GET /plants.jpg
[2024-04-05T05:33:29.455Z] GET /product1.jpg
[2024-04-05T05:33:29.461Z] GET /logo.png
[2024-04-05T05:33:29.476Z] GET /collection1.jpg
[2024-04-05T05:33:44.697Z] GET /dashboard
[2024-04-05T05:33:44.804Z] GET /plants.jpg
[2024-04-05T05:33:44.811Z] GET /product1.jpg
[2024-04-05T05:33:44.823Z] GET /collection1.jpg
[2024-04-05T05:33:44.827Z] GET /style.css
[2024-04-05T05:33:44.863Z] GET /collection2.jpg
[2024-04-05T05:33:44.868Z] GET /product2.jpg
[2024-04-05T05:33:44.872Z] GET /plants.jpg
[2024-04-05T05:33:44.877Z] GET /logo.png
[2024-04-05T05:34:08.499Z] GET /dashboard
[2024-04-05T05:34:08.596Z] GET /style.css
[2024-04-05T05:34:08.628Z] GET /product1.jpg
[2024-04-05T05:34:08.642Z] GET /collection1.jpg
[2024-04-05T05:34:08.646Z] GET /collection2.jpg
[2024-04-05T05:34:08.653Z] GET /product2.jpg
[2024-04-05T05:34:08.669Z] GET /logo.png
[2024-04-05T05:37:14.729Z] GET /dashboard
[2024-04-05T05:37:14.815Z] GET /style.css
[2024-04-05T05:37:15.185Z] GET /logo.png
[2024-04-05T05:37:15.233Z] GET /favicon.ico
[2024-04-05T05:39:16.358Z] GET /dashboard
[2024-04-05T05:39:16.433Z] GET /style.css
[2024-04-05T05:39:16.753Z] GET /logo.png
[2024-04-05T05:49:28.131Z] GET /dashboard
[2024-04-05T05:49:28.222Z] GET /style.css
[2024-04-05T05:49:28.587Z] GET /logo.png
[2024-04-05T05:50:04.679Z] GET /dashboard
[2024-04-05T05:50:04.766Z] GET /style.css
[2024-04-05T05:50:04.808Z] GET /logo.png
[2024-04-05T05:50:32.583Z] GET /dashboard
[2024-04-05T05:50:32.665Z] GET /style.css
[2024-04-05T05:50:32.706Z] GET /logo.png
[2024-04-05T05:52:50.989Z] GET /dashboard
[2024-04-05T05:52:51.085Z] GET /style.css
[2024-04-05T05:52:51.410Z] GET /logo.png
[2024-04-05T05:53:07.012Z] GET /dashboard
[2024-04-05T05:53:07.093Z] GET /style.css
[2024-04-05T05:53:07.133Z] GET /logo.png
[2024-04-05T06:11:22.770Z] GET /dashboard
[2024-04-05T06:11:22.816Z] GET /style.css
[2024-04-05T06:11:22.973Z] GET /logo.png
[2024-04-06T03:31:33.112Z] GET /
[2024-04-06T03:31:33.215Z] GET /login
[2024-04-06T03:31:33.299Z] GET /style.css
[2024-04-06T03:31:33.917Z] GET /favicon.ico
[2024-04-06T03:31:43.314Z] POST /login
[2024-04-06T03:31:43.497Z] GET /dashboard
[2024-04-06T03:31:43.515Z] GET /logo.png
[2024-04-06T03:31:43.517Z] GET /style.css
[2024-04-06T03:41:55.107Z] GET /
[2024-04-06T03:41:55.142Z] GET /login
[2024-04-06T03:41:55.223Z] GET /style.css
[2024-04-06T03:42:03.794Z] POST /login
[2024-04-06T03:42:03.849Z] GET /dashboard
[2024-04-06T03:42:03.879Z] GET /style.css
[2024-04-06T03:42:03.886Z] GET /product3.jpg
[2024-04-06T03:42:03.890Z] GET /product4.jpg
[2024-04-06T03:42:03.895Z] GET /product5.jpg
[2024-04-06T03:42:03.908Z] GET /product6.jpg
[2024-04-06T03:42:04.466Z] GET /product2.jpg
[2024-04-06T03:42:04.469Z] GET /product1.jpg
[2024-04-06T03:42:04.472Z] GET /logo.png
[2024-04-06T03:42:04.480Z] GET /product3.jpg
[2024-04-06T03:42:04.483Z] GET /product4.jpg
[2024-04-06T03:42:04.487Z] GET /product5.jpg
[2024-04-06T03:42:04.494Z] GET /product6.jpg
[2024-04-06T03:42:04.523Z] GET /login
[2024-04-06T03:44:34.013Z] GET /dashboard
[2024-04-06T03:44:34.031Z] GET /product1.jpg
[2024-04-06T03:44:34.038Z] GET /product2.jpg
[2024-04-06T03:44:34.040Z] GET /product3.jpg
[2024-04-06T03:44:34.042Z] GET /product4.jpg
[2024-04-06T03:44:34.043Z] GET /style.css
[2024-04-06T03:44:34.472Z] GET /product6.jpg
[2024-04-06T03:44:34.474Z] GET /product5.jpg
[2024-04-06T03:44:34.485Z] GET /product2.jpg
[2024-04-06T03:44:34.488Z] GET /product3.jpg
[2024-04-06T03:44:34.491Z] GET /product4.jpg
[2024-04-06T03:44:34.492Z] GET /logo.png
[2024-04-06T03:48:02.686Z] GET /dashboard
[2024-04-06T03:48:02.724Z] GET /login
[2024-04-06T03:48:02.759Z] GET /style.css
[2024-04-06T03:48:09.358Z] POST /login
[2024-04-06T03:48:09.417Z] GET /dashboard
[2024-04-06T03:48:09.458Z] GET /style.css
[2024-04-06T03:48:09.743Z] GET /product6.jpg
[2024-04-06T03:48:09.746Z] GET /product5.jpg
[2024-04-06T03:48:09.749Z] GET /product4.jpg
[2024-04-06T03:48:09.753Z] GET /product3.jpg
[2024-04-06T03:48:09.759Z] GET /product2.jpg
[2024-04-06T03:48:09.769Z] GET /logo.png
[2024-04-06T03:48:09.780Z] GET /product1.jpg
[2024-04-06T03:48:09.797Z] GET /login
[2024-04-08T13:02:15.234Z] GET /
[2024-04-08T13:02:15.411Z] GET /login
[2024-04-08T13:02:15.851Z] GET /style.css
[2024-04-08T13:02:25.982Z] POST /login
[2024-04-08T13:02:26.198Z] GET /dashboard
[2024-04-08T13:02:26.418Z] GET /style.css
[2024-04-08T13:02:26.437Z] GET /product5.jpg
[2024-04-08T13:02:26.445Z] GET /product6.jpg
[2024-04-08T13:02:26.455Z] GET /logo.png
[2024-04-08T13:02:32.801Z] GET /product2.jpg
[2024-04-08T13:02:32.810Z] GET /product3.jpg
[2024-04-08T13:02:32.819Z] GET /product4.jpg
[2024-04-08T13:02:32.825Z] GET /product1.jpg
[2024-04-08T13:02:32.863Z] GET /product5.jpg
[2024-04-08T13:02:32.872Z] GET /product6.jpg
[2024-04-08T13:02:32.956Z] GET /login
[2024-04-08T13:06:10.613Z] GET /dashboard
[2024-04-08T13:06:10.740Z] GET /login
[2024-04-08T13:06:10.915Z] GET /style.css
[2024-04-08T13:06:17.176Z] POST /login
[2024-04-08T13:06:17.354Z] GET /dashboard
[2024-04-08T13:06:17.516Z] GET /style.css
[2024-04-08T13:06:18.221Z] GET /product6.jpg
[2024-04-08T13:06:18.225Z] GET /product5.jpg
[2024-04-08T13:06:18.264Z] GET /logo.png
[2024-04-08T13:06:18.286Z] GET /product1.jpg
[2024-04-08T13:06:18.296Z] GET /product2.jpg
[2024-04-08T13:06:18.341Z] GET /product3.jpg
[2024-04-08T13:06:18.356Z] GET /product4.jpg
[2024-04-08T13:06:18.420Z] GET /login
[2024-04-08T13:07:12.084Z] GET /dashboard
[2024-04-08T13:07:12.179Z] GET /product5.jpg
[2024-04-08T13:07:12.188Z] GET /style.css
[2024-04-08T13:07:12.306Z] GET /product6.jpg
[2024-04-08T13:07:12.347Z] GET /logo.png
[2024-04-08T13:07:12.356Z] GET /product1.jpg
[2024-04-08T13:07:12.363Z] GET /product5.jpg
[2024-04-08T13:07:12.371Z] GET /product2.jpg
[2024-04-08T13:07:12.385Z] GET /product3.jpg
[2024-04-08T13:07:12.391Z] GET /product4.jpg
[2024-04-08T13:07:15.111Z] GET /dashboard
[2024-04-08T13:07:15.204Z] GET /product5.jpg
[2024-04-08T13:07:15.209Z] GET /style.css
[2024-04-08T13:07:15.326Z] GET /product6.jpg
[2024-04-08T13:07:15.377Z] GET /product5.jpg
[2024-04-08T13:07:15.391Z] GET /logo.png
[2024-04-08T13:07:15.400Z] GET /product1.jpg
[2024-04-08T13:07:15.406Z] GET /product2.jpg
[2024-04-08T13:07:15.427Z] GET /product3.jpg
[2024-04-08T13:07:15.436Z] GET /product4.jpg
[2024-04-08T13:16:15.721Z] GET /dashboard
[2024-04-08T13:16:15.818Z] GET /style.css
[2024-04-08T13:16:16.416Z] GET /product6.jpg
[2024-04-08T13:16:16.422Z] GET /product5.jpg
[2024-04-08T13:16:16.446Z] GET /logo.png
[2024-04-08T13:16:16.450Z] GET /product1.jpg
[2024-04-08T13:16:16.456Z] GET /product2.jpg
[2024-04-08T13:16:16.483Z] GET /product3.jpg
[2024-04-08T13:16:16.490Z] GET /product4.jpg
[2024-04-08T13:16:16.517Z] GET /favicon.ico
[2024-04-08T13:18:04.539Z] GET /dashboard
[2024-04-08T13:18:04.649Z] GET /login
[2024-04-08T13:18:04.784Z] GET /style.css
[2024-04-08T13:18:12.196Z] POST /login
[2024-04-08T13:18:12.388Z] GET /dashboard
[2024-04-08T13:18:12.538Z] GET /style.css
[2024-04-08T13:18:13.046Z] GET /product6.jpg
[2024-04-08T13:18:13.051Z] GET /product5.jpg
[2024-04-08T13:18:13.077Z] GET /logo.png
[2024-04-08T13:18:13.090Z] GET /product1.jpg
[2024-04-08T13:18:13.099Z] GET /product2.jpg
[2024-04-08T13:18:13.119Z] GET /product3.jpg
[2024-04-08T13:18:13.129Z] GET /product4.jpg
[2024-04-08T13:18:13.211Z] GET /login
[2024-04-08T13:41:05.211Z] GET /
[2024-04-08T13:41:05.231Z] GET /login
[2024-04-08T13:41:05.314Z] GET /style.css
[2024-04-08T13:41:08.182Z] GET /signup
[2024-04-08T13:41:08.228Z] GET /style.css
[2024-04-08T13:41:53.846Z] POST /signup
[2024-04-08T13:41:53.949Z] GET /login
[2024-04-08T13:41:54.001Z] GET /style.css
[2024-04-08T13:42:19.199Z] POST /login
[2024-04-08T13:42:19.210Z] GET /dashboard
[2024-04-08T13:42:19.245Z] GET /style.css
[2024-04-08T13:42:19.590Z] GET /product5.jpg
[2024-04-08T13:42:19.593Z] GET /product6.jpg
[2024-04-08T13:42:19.594Z] GET /product4.jpg
[2024-04-08T13:42:19.596Z] GET /product3.jpg
[2024-04-08T13:42:19.597Z] GET /product2.jpg
[2024-04-08T13:42:19.604Z] GET /product1.jpg
[2024-04-08T13:42:19.605Z] GET /logo.png
[2024-04-08T13:42:19.620Z] GET /login
[2024-04-08T13:44:39.864Z] GET /signup
[2024-04-08T13:44:39.900Z] GET /style.css
[2024-04-08T13:46:15.586Z] POST /signup
[2024-04-08T13:46:15.620Z] GET /login
[2024-04-08T13:46:15.676Z] GET /style.css
[2024-04-08T13:46:44.090Z] POST /login
[2024-04-08T13:47:00.171Z] POST /login
[2024-04-08T13:47:10.861Z] GET /signup
[2024-04-08T13:47:10.897Z] GET /style.css
[2024-04-08T13:47:35.213Z] GET /login
[2024-04-08T13:47:35.252Z] GET /style.css
[2024-04-08T13:48:05.920Z] POST /login
[2024-04-08T13:48:31.609Z] POST /login
[2024-04-08T13:48:31.672Z] GET /login
[2024-04-08T13:48:43.448Z] POST /login
[2024-04-08T13:48:43.462Z] GET /dashboard
[2024-04-08T13:48:43.502Z] GET /style.css
[2024-04-08T13:48:43.835Z] GET /logo.png
[2024-04-08T13:48:43.839Z] GET /product1.jpg
[2024-04-08T13:48:43.842Z] GET /product6.jpg
[2024-04-08T13:48:43.845Z] GET /product2.jpg
[2024-04-08T13:48:43.846Z] GET /product3.jpg
[2024-04-08T13:48:43.849Z] GET /product5.jpg
[2024-04-08T13:48:43.848Z] GET /product4.jpg
[2024-04-08T13:48:43.868Z] GET /login
[2024-04-22T15:49:20.065Z] GET /
[2024-04-22T15:49:20.112Z] GET /login
[2024-04-22T15:49:20.206Z] GET /style.css
[2024-04-22T15:49:22.370Z] POST /login
[2024-04-22T15:49:22.469Z] GET /dashboard
[2024-04-22T15:49:22.519Z] GET /style.css
[2024-04-22T15:49:23.038Z] GET /product1.jpg
[2024-04-22T15:49:23.041Z] GET /logo.png
[2024-04-22T15:49:23.045Z] GET /product2.jpg
[2024-04-22T15:49:23.048Z] GET /product3.jpg
[2024-04-22T15:49:23.052Z] GET /product4.jpg
[2024-04-22T15:49:23.055Z] GET /product6.jpg
[2024-04-22T15:49:23.069Z] GET /product5.jpg
[2024-04-22T15:49:23.088Z] GET /login
[2024-04-22T15:52:40.773Z] POST /login
[2024-04-22T15:52:40.822Z] GET /dashboard
[2024-04-22T15:52:40.868Z] GET /style.css
[2024-04-22T15:52:41.465Z] GET /logo.png
[2024-04-22T15:52:41.468Z] GET /product1.jpg
[2024-04-22T15:52:41.473Z] GET /product2.jpg
[2024-04-22T15:52:41.475Z] GET /product3.jpg
[2024-04-22T15:52:41.477Z] GET /product4.jpg
[2024-04-22T15:52:41.483Z] GET /product6.jpg
[2024-04-22T15:52:41.489Z] GET /product5.jpg
[2024-04-22T15:52:41.496Z] GET /login
[2024-05-01T17:12:09.750Z] GET /
[2024-05-01T17:12:09.787Z] GET /login
[2024-05-01T17:12:09.839Z] GET /style.css
[2024-05-01T17:12:11.391Z] POST /login
[2024-05-01T17:12:11.448Z] GET /dashboard
[2024-05-01T17:12:11.472Z] GET /style.css
[2024-05-01T17:12:11.933Z] GET /product5.jpg
[2024-05-01T17:12:11.935Z] GET /product6.jpg
[2024-05-01T17:12:11.938Z] GET /product4.jpg
[2024-05-01T17:12:11.940Z] GET /product3.jpg
[2024-05-01T17:12:11.941Z] GET /product2.jpg
[2024-05-01T17:12:11.943Z] GET /product1.jpg
[2024-05-01T17:12:11.947Z] GET /logo.png
[2024-05-01T17:12:11.953Z] GET /login
[2024-05-01T17:12:46.705Z] POST /login
[2024-05-01T17:12:46.736Z] GET /dashboard
[2024-05-01T17:12:46.758Z] GET /style.css
[2024-05-01T17:12:46.985Z] GET /logo.png
[2024-05-01T17:12:46.987Z] GET /product1.jpg
[2024-05-01T17:12:46.990Z] GET /product2.jpg
[2024-05-01T17:12:46.991Z] GET /product3.jpg
[2024-05-01T17:12:46.993Z] GET /product6.jpg
[2024-05-01T17:12:46.994Z] GET /product4.jpg
[2024-05-01T17:12:46.994Z] GET /product5.jpg
[2024-05-01T17:12:47.004Z] GET /login
[2024-05-15T06:14:38.001Z] GET /
[2024-05-15T06:14:38.067Z] GET /login
[2024-05-15T06:14:38.157Z] GET /style.css
[2024-05-15T06:14:39.339Z] POST /login
[2024-05-15T06:14:39.416Z] GET /dashboard
[2024-05-15T06:14:39.464Z] GET /style.css
[2024-05-15T06:14:40.143Z] GET /logo.png
[2024-05-15T06:14:40.145Z] GET /product1.jpg
[2024-05-15T06:14:40.148Z] GET /product2.jpg
[2024-05-15T06:14:40.151Z] GET /product3.jpg
[2024-05-15T06:14:40.153Z] GET /product4.jpg
[2024-05-15T06:14:40.155Z] GET /product5.jpg
[2024-05-15T06:14:40.168Z] GET /product6.jpg
[2024-05-15T06:14:40.179Z] GET /login
